05-26-2022 11:29:04 : INFO : scripts.logger : Successfully Instantiated Preprocessing Class Object
05-26-2022 11:29:20 : INFO : scripts.logger : Converting Column to Datetime
05-26-2022 11:29:39 : INFO : scripts.logger : Converting Column to Datetime
05-26-2022 11:29:52 : INFO : scripts.logger : Converting Column to Datetime
05-26-2022 11:31:18 : INFO : scripts.logger : Successfully Instantiated Preprocessing Class Object
05-26-2022 11:32:54 : INFO : scripts.logger : Converting Column to Datetime
05-26-2022 11:32:54 : INFO : scripts.logger : Converting Column to Datetime
05-26-2022 11:32:55 : INFO : scripts.logger : Getting Missing Data Percentage
05-26-2022 11:41:09 : INFO : scripts.logger : Successfully Instantiated Preprocessing Class Object
05-26-2022 11:43:52 : INFO : scripts.logger : Filling Missing Data with Median...
05-26-2022 11:43:52 : INFO : scripts.logger : Filling Missing Data with Median...
05-26-2022 11:43:52 : INFO : scripts.logger : Filling Missing Data with Mode
05-26-2022 11:43:52 : INFO : scripts.logger : Filling Missing Data with Mode
05-26-2022 11:43:52 : INFO : scripts.logger : Filling Missing Data with Zero
05-26-2022 11:43:52 : INFO : scripts.logger : Getting Missing Values from Dataframe
05-26-2022 11:57:32 : INFO : scripts.logger : Converting Column to Datetime...
05-26-2022 14:33:28 : INFO : scripts.logger : Successfully Instantiated Preprocessing Class Object
05-26-2022 14:37:56 : INFO : scripts.logger : Successfully Instantiated preprocess Class Object
05-26-2022 14:37:56 : INFO : scripts.logger : Successfully Instantiated Preprocessing Class Object
05-26-2022 14:37:56 : INFO : scripts.logger : Successfully Instantiated Preprocessing Class Object
05-26-2022 14:38:01 : INFO : scripts.logger : Converting Column to Datetime...
05-26-2022 14:38:01 : INFO : scripts.logger : Converting Column to Datetime...
05-26-2022 14:38:34 : INFO : scripts.logger : Converting Column to Datetime...
05-26-2022 14:38:34 : INFO : scripts.logger : Converting Column to Datetime...
05-26-2022 14:41:57 : INFO : scripts.logger : Successfully Instantiated Preprocessing Class Object
05-26-2022 14:42:02 : INFO : scripts.logger : Converting Column to Datetime...
05-26-2022 14:42:02 : INFO : scripts.logger : Converting Column to Datetime...
05-26-2022 14:42:17 : INFO : scripts.logger : Successfully Instantiated preprocess Class Object
05-26-2022 14:42:17 : INFO : scripts.logger : Successfully Instantiated Preprocessing Class Object
05-26-2022 14:42:17 : INFO : scripts.logger : Successfully Instantiated Preprocessing Class Object
05-26-2022 14:42:21 : INFO : scripts.logger : Converting Column to Datetime...
05-26-2022 14:42:21 : INFO : scripts.logger : Converting Column to Datetime...
05-26-2022 14:42:22 : INFO : scripts.logger : Converting Column to Datetime...
05-26-2022 14:42:22 : INFO : scripts.logger : Converting Column to Datetime...
05-26-2022 14:42:26 : INFO : scripts.logger : Successfully Instantiated preprocess Class Object
05-26-2022 14:42:26 : INFO : scripts.logger : Successfully Instantiated preprocess Class Object
05-26-2022 14:42:26 : INFO : scripts.logger : Successfully Instantiated Preprocessing Class Object
05-26-2022 14:42:26 : INFO : scripts.logger : Successfully Instantiated Preprocessing Class Object
05-26-2022 14:42:26 : INFO : scripts.logger : Successfully Instantiated Preprocessing Class Object
05-26-2022 14:42:30 : INFO : scripts.logger : Converting Column to Datetime...
05-26-2022 14:42:30 : INFO : scripts.logger : Converting Column to Datetime...
05-26-2022 14:42:30 : INFO : scripts.logger : Converting Column to Datetime...
05-26-2022 14:42:31 : INFO : scripts.logger : Converting Column to Datetime...
05-26-2022 14:42:31 : INFO : scripts.logger : Converting Column to Datetime...
05-26-2022 14:42:31 : INFO : scripts.logger : Converting Column to Datetime...
05-26-2022 14:42:44 : INFO : scripts.logger : Successfully Instantiated preprocess Class Object
05-26-2022 14:42:44 : INFO : scripts.logger : Successfully Instantiated preprocess Class Object
05-26-2022 14:42:44 : INFO : scripts.logger : Successfully Instantiated preprocess Class Object
05-26-2022 14:42:44 : INFO : scripts.logger : Successfully Instantiated Preprocessing Class Object
05-26-2022 14:42:44 : INFO : scripts.logger : Successfully Instantiated Preprocessing Class Object
05-26-2022 14:42:44 : INFO : scripts.logger : Successfully Instantiated Preprocessing Class Object
05-26-2022 14:42:44 : INFO : scripts.logger : Successfully Instantiated Preprocessing Class Object
05-26-2022 14:42:49 : INFO : scripts.logger : Converting Column to Datetime...
05-26-2022 14:42:49 : INFO : scripts.logger : Converting Column to Datetime...
05-26-2022 14:42:49 : INFO : scripts.logger : Converting Column to Datetime...
05-26-2022 14:42:49 : INFO : scripts.logger : Converting Column to Datetime...
05-26-2022 14:42:49 : INFO : scripts.logger : Converting Column to Datetime...
05-26-2022 14:42:49 : INFO : scripts.logger : Converting Column to Datetime...
05-26-2022 14:42:49 : INFO : scripts.logger : Converting Column to Datetime...
05-26-2022 14:42:49 : INFO : scripts.logger : Converting Column to Datetime...
05-26-2022 14:43:34 : INFO : scripts.logger : Plotting a box plot for Column: Store
05-26-2022 14:43:34 : INFO : scripts.logger : Plotting a box plot for Column: Store
05-26-2022 14:43:34 : INFO : scripts.logger : Plotting a box plot for Column: Store
05-26-2022 14:43:34 : INFO : scripts.logger : Plotting a box plot for Column: Store
05-26-2022 14:49:58 : INFO : scripts.logger : Successfully Instantiated Preprocessing Class Object
05-26-2022 19:22:33 : INFO : scripts.logger : Successfully Instantiated Preprocessing Class Object
05-27-2022 17:33:21 : INFO : scripts.logger : Successfully Instantiated Preprocessing Class Object
05-27-2022 17:33:33 : INFO : scripts.logger : Converting Column to Datetime...
05-27-2022 17:33:33 : INFO : scripts.logger : Converting Column to Datetime...
05-27-2022 18:12:47 : INFO : scripts.logger : Getting Missing Data Percentage
