05-26-2022 11:29:04 : INFO : scripts.logger : Successfully Instantiated preprocess Class Object
05-26-2022 11:29:04 : INFO : scripts.logger : Successfully Instantiated Preprocessing Class Object
05-26-2022 11:29:20 : INFO : scripts.logger : Converting Column to Datetime
05-26-2022 11:29:39 : INFO : scripts.logger : Converting Column to Datetime
05-26-2022 11:29:52 : INFO : scripts.logger : Converting Column to Datetime
05-26-2022 11:31:18 : INFO : scripts.logger : Successfully Instantiated preprocess Class Object
05-26-2022 11:31:18 : INFO : scripts.logger : Successfully Instantiated Preprocessing Class Object
05-26-2022 11:32:54 : INFO : scripts.logger : Converting Column to Datetime
05-26-2022 11:32:54 : INFO : scripts.logger : Converting Column to Datetime
05-26-2022 11:32:55 : INFO : scripts.logger : Getting Missing Data Percentage
05-26-2022 11:41:09 : INFO : scripts.logger : Successfully Instantiated preprocess Class Object
05-26-2022 11:41:09 : INFO : scripts.logger : Successfully Instantiated Preprocessing Class Object
05-26-2022 11:43:52 : INFO : scripts.logger : Filling Missing Data with Median...
05-26-2022 11:43:52 : INFO : scripts.logger : Filling Missing Data with Median...
05-26-2022 11:43:52 : INFO : scripts.logger : Filling Missing Data with Mode
05-26-2022 11:43:52 : INFO : scripts.logger : Filling Missing Data with Mode
05-26-2022 11:43:52 : INFO : scripts.logger : Filling Missing Data with Zero
05-26-2022 11:43:52 : INFO : scripts.logger : Getting Missing Values from Dataframe
05-26-2022 11:57:32 : INFO : scripts.logger : Converting Column to Datetime...
05-26-2022 14:33:28 : INFO : scripts.logger : Successfully Instantiated preprocess Class Object
05-26-2022 14:33:28 : INFO : scripts.logger : Successfully Instantiated Preprocessing Class Object
05-26-2022 14:37:56 : INFO : scripts.logger : Successfully Instantiated preprocess Class Object
05-26-2022 14:37:56 : INFO : scripts.logger : Successfully Instantiated preprocess Class Object
05-26-2022 14:37:56 : INFO : scripts.logger : Successfully Instantiated Preprocessing Class Object
05-26-2022 14:37:56 : INFO : scripts.logger : Successfully Instantiated Preprocessing Class Object
05-26-2022 14:38:01 : INFO : scripts.logger : Converting Column to Datetime...
05-26-2022 14:38:01 : INFO : scripts.logger : Converting Column to Datetime...
05-26-2022 14:38:34 : INFO : scripts.logger : Converting Column to Datetime...
05-26-2022 14:38:34 : INFO : scripts.logger : Converting Column to Datetime...
05-26-2022 14:41:57 : INFO : scripts.logger : Successfully Instantiated preprocess Class Object
05-26-2022 14:41:57 : INFO : scripts.logger : Successfully Instantiated Preprocessing Class Object
05-26-2022 14:42:02 : INFO : scripts.logger : Converting Column to Datetime...
05-26-2022 14:42:02 : INFO : scripts.logger : Converting Column to Datetime...
05-26-2022 14:42:17 : INFO : scripts.logger : Successfully Instantiated preprocess Class Object
05-26-2022 14:42:17 : INFO : scripts.logger : Successfully Instantiated preprocess Class Object
05-26-2022 14:42:17 : INFO : scripts.logger : Successfully Instantiated Preprocessing Class Object
05-26-2022 14:42:17 : INFO : scripts.logger : Successfully Instantiated Preprocessing Class Object
05-26-2022 14:42:21 : INFO : scripts.logger : Converting Column to Datetime...
05-26-2022 14:42:21 : INFO : scripts.logger : Converting Column to Datetime...
05-26-2022 14:42:22 : INFO : scripts.logger : Converting Column to Datetime...
05-26-2022 14:42:22 : INFO : scripts.logger : Converting Column to Datetime...
05-26-2022 14:42:26 : INFO : scripts.logger : Successfully Instantiated preprocess Class Object
05-26-2022 14:42:26 : INFO : scripts.logger : Successfully Instantiated preprocess Class Object
05-26-2022 14:42:26 : INFO : scripts.logger : Successfully Instantiated preprocess Class Object
05-26-2022 14:42:26 : INFO : scripts.logger : Successfully Instantiated Preprocessing Class Object
05-26-2022 14:42:26 : INFO : scripts.logger : Successfully Instantiated Preprocessing Class Object
05-26-2022 14:42:26 : INFO : scripts.logger : Successfully Instantiated Preprocessing Class Object
05-26-2022 14:42:30 : INFO : scripts.logger : Converting Column to Datetime...
05-26-2022 14:42:30 : INFO : scripts.logger : Converting Column to Datetime...
05-26-2022 14:42:30 : INFO : scripts.logger : Converting Column to Datetime...
05-26-2022 14:42:31 : INFO : scripts.logger : Converting Column to Datetime...
05-26-2022 14:42:31 : INFO : scripts.logger : Converting Column to Datetime...
05-26-2022 14:42:31 : INFO : scripts.logger : Converting Column to Datetime...
05-26-2022 14:42:44 : INFO : scripts.logger : Successfully Instantiated preprocess Class Object
05-26-2022 14:42:44 : INFO : scripts.logger : Successfully Instantiated preprocess Class Object
05-26-2022 14:42:44 : INFO : scripts.logger : Successfully Instantiated preprocess Class Object
05-26-2022 14:42:44 : INFO : scripts.logger : Successfully Instantiated preprocess Class Object
05-26-2022 14:42:44 : INFO : scripts.logger : Successfully Instantiated Preprocessing Class Object
05-26-2022 14:42:44 : INFO : scripts.logger : Successfully Instantiated Preprocessing Class Object
05-26-2022 14:42:44 : INFO : scripts.logger : Successfully Instantiated Preprocessing Class Object
05-26-2022 14:42:44 : INFO : scripts.logger : Successfully Instantiated Preprocessing Class Object
05-26-2022 14:42:49 : INFO : scripts.logger : Converting Column to Datetime...
05-26-2022 14:42:49 : INFO : scripts.logger : Converting Column to Datetime...
05-26-2022 14:42:49 : INFO : scripts.logger : Converting Column to Datetime...
05-26-2022 14:42:49 : INFO : scripts.logger : Converting Column to Datetime...
05-26-2022 14:42:49 : INFO : scripts.logger : Converting Column to Datetime...
05-26-2022 14:42:49 : INFO : scripts.logger : Converting Column to Datetime...
05-26-2022 14:42:49 : INFO : scripts.logger : Converting Column to Datetime...
05-26-2022 14:42:49 : INFO : scripts.logger : Converting Column to Datetime...
05-26-2022 14:43:34 : INFO : scripts.logger : Plotting a box plot for Column: Store
05-26-2022 14:43:34 : INFO : scripts.logger : Plotting a box plot for Column: Store
05-26-2022 14:43:34 : INFO : scripts.logger : Plotting a box plot for Column: Store
05-26-2022 14:43:34 : INFO : scripts.logger : Plotting a box plot for Column: Store
05-26-2022 14:49:58 : INFO : scripts.logger : Successfully Instantiated preprocess Class Object
05-26-2022 14:49:58 : INFO : scripts.logger : Successfully Instantiated Preprocessing Class Object
05-26-2022 19:22:33 : INFO : scripts.logger : Successfully Instantiated preprocess Class Object
05-26-2022 19:22:33 : INFO : scripts.logger : Successfully Instantiated Preprocessing Class Object
05-27-2022 17:33:21 : INFO : scripts.logger : Successfully Instantiated preprocess Class Object
05-27-2022 17:33:21 : INFO : scripts.logger : Successfully Instantiated Preprocessing Class Object
05-27-2022 17:33:33 : INFO : scripts.logger : Converting Column to Datetime...
05-27-2022 17:33:33 : INFO : scripts.logger : Converting Column to Datetime...
05-27-2022 18:12:47 : INFO : scripts.logger : Getting Missing Data Percentage
05-27-2022 18:24:43 : INFO : scripts.logger : Successfully Instantiated preprocess Class Object
05-27-2022 18:24:43 : INFO : scripts.logger : Successfully Instantiated preprocess Class Object
05-27-2022 18:24:43 : INFO : scripts.logger : Successfully Instantiated Preprocessing Class Object
05-27-2022 18:24:43 : INFO : scripts.logger : Successfully Instantiated Preprocessing Class Object
05-27-2022 18:43:06 : INFO : scripts.logger : Successfully Instantiated preprocess Class Object
05-27-2022 18:43:06 : INFO : scripts.logger : Successfully Instantiated Preprocessing Class Object
05-27-2022 20:54:37 : INFO : scripts.logger : Successfully Instantiated preprocess Class Object
05-27-2022 20:54:37 : INFO : scripts.logger : Successfully Instantiated Preprocessing Class Object
05-27-2022 20:57:06 : INFO : scripts.logger : Converting Column to Datetime...
05-27-2022 20:57:13 : INFO : scripts.logger : Getting Missing Data Percentage
05-27-2022 20:57:19 : INFO : scripts.logger : Filling Missing Data with Median...
05-27-2022 20:57:19 : INFO : scripts.logger : Filling Missing Data with Median...
05-27-2022 20:57:19 : INFO : scripts.logger : Filling Missing Data with Mode
05-27-2022 20:57:20 : INFO : scripts.logger : Filling Missing Data with Mode
05-27-2022 20:57:20 : INFO : scripts.logger : Filling Missing Data with Zero
05-27-2022 20:57:20 : INFO : scripts.logger : Getting Missing Values from Dataframe
05-27-2022 20:57:27 : INFO : scripts.logger : Plotting a box plot for Column: Store
05-27-2022 21:03:41 : INFO : scripts.logger : Converting Column to Datetime...
05-27-2022 21:03:41 : ERROR : scripts.logger : Failed to convert Column to Datetime
Traceback (most recent call last):
  File "/home/nardos/Documents/10Academy/Pharmaceutical/Pharmaceutical-Sales-Prediction/pharma_env/lib/python3.10/site-packages/pandas/core/indexes/base.py", line 3621, in get_loc
    return self._engine.get_loc(casted_key)
  File "pandas/_libs/index.pyx", line 136, in pandas._libs.index.IndexEngine.get_loc
  File "pandas/_libs/index.pyx", line 163, in pandas._libs.index.IndexEngine.get_loc
  File "pandas/_libs/hashtable_class_helper.pxi", line 5198, in pandas._libs.hashtable.PyObjectHashTable.get_item
  File "pandas/_libs/hashtable_class_helper.pxi", line 5206, in pandas._libs.hashtable.PyObjectHashTable.get_item
KeyError: 'Date'

The above exception was the direct cause of the following exception:

Traceback (most recent call last):
  File "/home/nardos/Documents/10Academy/Pharmaceutical/Pharmaceutical-Sales-Prediction/notebooks/../scripts/preprocess.py", line 81, in to_datetime
    df[column] = pd.to_datetime(df[column])
  File "/home/nardos/Documents/10Academy/Pharmaceutical/Pharmaceutical-Sales-Prediction/pharma_env/lib/python3.10/site-packages/pandas/core/frame.py", line 3505, in __getitem__
    indexer = self.columns.get_loc(key)
  File "/home/nardos/Documents/10Academy/Pharmaceutical/Pharmaceutical-Sales-Prediction/pharma_env/lib/python3.10/site-packages/pandas/core/indexes/base.py", line 3623, in get_loc
    raise KeyError(key) from err
KeyError: 'Date'
05-27-2022 21:04:02 : INFO : scripts.logger : Successfully Instantiated preprocess Class Object
05-27-2022 21:04:02 : INFO : scripts.logger : Successfully Instantiated Preprocessing Class Object
05-27-2022 21:05:24 : INFO : scripts.logger : Converting Column to Datetime...
05-27-2022 21:05:26 : INFO : scripts.logger : Getting Missing Data Percentage
05-27-2022 21:05:27 : INFO : scripts.logger : Filling Missing Data with Median...
05-27-2022 21:05:27 : INFO : scripts.logger : Filling Missing Data with Median...
05-27-2022 21:05:27 : INFO : scripts.logger : Filling Missing Data with Mode
05-27-2022 21:05:27 : INFO : scripts.logger : Filling Missing Data with Mode
05-27-2022 21:05:27 : INFO : scripts.logger : Filling Missing Data with Zero
05-27-2022 21:05:27 : INFO : scripts.logger : Getting Missing Values from Dataframe
05-27-2022 21:05:28 : INFO : scripts.logger : Plotting a box plot for Column: Store
05-28-2022 01:31:53 : INFO : scripts.logger : Successfully Instantiated preprocess Class Object
05-28-2022 01:31:53 : INFO : scripts.logger : Successfully Instantiated Preprocessing Class Object
05-28-2022 01:33:27 : INFO : scripts.logger : Converting Column to Datetime...
05-28-2022 01:33:28 : INFO : scripts.logger : Getting Missing Data Percentage
05-28-2022 01:33:30 : INFO : scripts.logger : Filling Missing Data with Median...
05-28-2022 01:33:30 : INFO : scripts.logger : Filling Missing Data with Median...
05-28-2022 01:33:30 : INFO : scripts.logger : Filling Missing Data with Mode
05-28-2022 01:33:30 : INFO : scripts.logger : Filling Missing Data with Mode
05-28-2022 01:33:30 : INFO : scripts.logger : Filling Missing Data with Zero
05-28-2022 01:33:30 : INFO : scripts.logger : Getting Missing Values from Dataframe
05-28-2022 01:33:30 : INFO : scripts.logger : Plotting a box plot for Column: Store
05-28-2022 01:36:20 : INFO : scripts.logger : Successfully Instantiated preprocess Class Object
05-28-2022 01:36:20 : INFO : scripts.logger : Successfully Instantiated preprocess Class Object
05-28-2022 01:36:20 : INFO : scripts.logger : Successfully Instantiated Preprocessing Class Object
05-28-2022 01:36:20 : INFO : scripts.logger : Successfully Instantiated Preprocessing Class Object
05-28-2022 01:38:03 : INFO : scripts.logger : Successfully Instantiated preprocess Class Object
05-28-2022 01:38:03 : INFO : scripts.logger : Successfully Instantiated preprocess Class Object
05-28-2022 01:38:03 : INFO : scripts.logger : Successfully Instantiated preprocess Class Object
05-28-2022 01:38:03 : INFO : scripts.logger : Successfully Instantiated Preprocessing Class Object
05-28-2022 01:38:03 : INFO : scripts.logger : Successfully Instantiated Preprocessing Class Object
05-28-2022 01:38:03 : INFO : scripts.logger : Successfully Instantiated Preprocessing Class Object
05-28-2022 01:38:07 : INFO : scripts.logger : Converting Column to Datetime...
05-28-2022 01:38:07 : INFO : scripts.logger : Converting Column to Datetime...
05-28-2022 01:38:07 : INFO : scripts.logger : Converting Column to Datetime...
05-28-2022 01:40:19 : INFO : scripts.logger : Successfully Instantiated preprocess Class Object
05-28-2022 01:40:19 : INFO : scripts.logger : Successfully Instantiated preprocess Class Object
05-28-2022 01:40:19 : INFO : scripts.logger : Successfully Instantiated preprocess Class Object
05-28-2022 01:40:19 : INFO : scripts.logger : Successfully Instantiated preprocess Class Object
05-28-2022 01:40:19 : INFO : scripts.logger : Successfully Instantiated Preprocessing Class Object
05-28-2022 01:40:19 : INFO : scripts.logger : Successfully Instantiated Preprocessing Class Object
05-28-2022 01:40:19 : INFO : scripts.logger : Successfully Instantiated Preprocessing Class Object
05-28-2022 01:40:19 : INFO : scripts.logger : Successfully Instantiated Preprocessing Class Object
05-28-2022 01:40:23 : INFO : scripts.logger : Converting Column to Datetime...
05-28-2022 01:40:23 : INFO : scripts.logger : Converting Column to Datetime...
05-28-2022 01:40:23 : INFO : scripts.logger : Converting Column to Datetime...
05-28-2022 01:40:23 : INFO : scripts.logger : Converting Column to Datetime...
05-28-2022 01:40:24 : INFO : scripts.logger : Converting Column to Datetime...
05-28-2022 01:40:24 : INFO : scripts.logger : Converting Column to Datetime...
05-28-2022 01:40:24 : INFO : scripts.logger : Converting Column to Datetime...
05-28-2022 01:40:24 : INFO : scripts.logger : Converting Column to Datetime...
05-28-2022 01:40:24 : INFO : scripts.logger : Getting Missing Data Percentage
05-28-2022 01:40:24 : INFO : scripts.logger : Getting Missing Data Percentage
05-28-2022 01:40:24 : INFO : scripts.logger : Getting Missing Data Percentage
05-28-2022 01:40:24 : INFO : scripts.logger : Getting Missing Data Percentage
05-28-2022 01:41:04 : INFO : scripts.logger : Filling Missing Data with Median...
05-28-2022 01:41:04 : INFO : scripts.logger : Filling Missing Data with Median...
05-28-2022 01:41:04 : INFO : scripts.logger : Filling Missing Data with Median...
05-28-2022 01:41:04 : INFO : scripts.logger : Filling Missing Data with Median...
05-28-2022 01:41:04 : INFO : scripts.logger : Filling Missing Data with Median...
05-28-2022 01:41:04 : INFO : scripts.logger : Filling Missing Data with Median...
05-28-2022 01:41:04 : INFO : scripts.logger : Filling Missing Data with Median...
05-28-2022 01:41:04 : INFO : scripts.logger : Filling Missing Data with Median...
05-28-2022 01:41:04 : INFO : scripts.logger : Filling Missing Data with Mode
05-28-2022 01:41:04 : INFO : scripts.logger : Filling Missing Data with Mode
05-28-2022 01:41:04 : INFO : scripts.logger : Filling Missing Data with Mode
05-28-2022 01:41:04 : INFO : scripts.logger : Filling Missing Data with Mode
05-28-2022 01:41:04 : INFO : scripts.logger : Filling Missing Data with Mode
05-28-2022 01:41:04 : INFO : scripts.logger : Filling Missing Data with Mode
05-28-2022 01:41:04 : INFO : scripts.logger : Filling Missing Data with Mode
05-28-2022 01:41:04 : INFO : scripts.logger : Filling Missing Data with Mode
05-28-2022 01:41:04 : INFO : scripts.logger : Filling Missing Data with Zero
05-28-2022 01:41:04 : INFO : scripts.logger : Filling Missing Data with Zero
05-28-2022 01:41:04 : INFO : scripts.logger : Filling Missing Data with Zero
05-28-2022 01:41:04 : INFO : scripts.logger : Filling Missing Data with Zero
05-28-2022 01:41:04 : INFO : scripts.logger : Getting Missing Values from Dataframe
05-28-2022 01:41:04 : INFO : scripts.logger : Getting Missing Values from Dataframe
05-28-2022 01:41:04 : INFO : scripts.logger : Getting Missing Values from Dataframe
05-28-2022 01:41:04 : INFO : scripts.logger : Getting Missing Values from Dataframe
05-28-2022 01:41:24 : INFO : scripts.logger : Plotting a box plot for Column: Store
05-28-2022 01:41:24 : INFO : scripts.logger : Plotting a box plot for Column: Store
05-28-2022 01:41:24 : INFO : scripts.logger : Plotting a box plot for Column: Store
05-28-2022 01:41:24 : INFO : scripts.logger : Plotting a box plot for Column: Store
05-28-2022 01:44:19 : INFO : scripts.logger : Successfully Instantiated preprocess Class Object
05-28-2022 01:44:19 : INFO : scripts.logger : Successfully Instantiated Preprocessing Class Object
05-28-2022 01:48:31 : INFO : scripts.logger : Successfully Instantiated preprocess Class Object
05-28-2022 01:48:31 : INFO : scripts.logger : Successfully Instantiated Preprocessing Class Object
05-28-2022 01:59:34 : INFO : scripts.logger : Successfully Instantiated preprocess Class Object
05-28-2022 01:59:34 : INFO : scripts.logger : Successfully Instantiated Preprocessing Class Object
05-28-2022 01:59:39 : INFO : scripts.logger : Converting Column to Datetime...
05-28-2022 01:59:40 : INFO : scripts.logger : Converting Column to Datetime...
05-28-2022 01:59:40 : INFO : scripts.logger : Getting Missing Data Percentage
05-28-2022 01:59:42 : INFO : scripts.logger : Filling Missing Data with Median...
05-28-2022 01:59:42 : INFO : scripts.logger : Filling Missing Data with Median...
05-28-2022 01:59:42 : INFO : scripts.logger : Filling Missing Data with Mode
05-28-2022 01:59:42 : INFO : scripts.logger : Filling Missing Data with Mode
05-28-2022 01:59:42 : INFO : scripts.logger : Filling Missing Data with Zero
05-28-2022 01:59:42 : INFO : scripts.logger : Getting Missing Values from Dataframe
05-28-2022 01:59:42 : INFO : scripts.logger : Plotting a box plot for Column: Store
05-28-2022 02:12:59 : INFO : scripts.logger : Successfully Instantiated preprocess Class Object
05-28-2022 02:12:59 : INFO : scripts.logger : Successfully Instantiated preprocess Class Object
05-28-2022 02:12:59 : INFO : scripts.logger : Successfully Instantiated Preprocessing Class Object
05-28-2022 02:12:59 : INFO : scripts.logger : Successfully Instantiated Preprocessing Class Object
05-28-2022 02:13:28 : INFO : scripts.logger : Converting Column to Datetime...
05-28-2022 02:13:28 : INFO : scripts.logger : Converting Column to Datetime...
05-28-2022 02:14:24 : INFO : scripts.logger : Converting Column to Datetime...
05-28-2022 02:14:24 : INFO : scripts.logger : Converting Column to Datetime...
05-28-2022 02:17:45 : INFO : scripts.logger : Converting Column to Datetime...
05-28-2022 02:17:45 : INFO : scripts.logger : Converting Column to Datetime...
05-28-2022 02:18:00 : INFO : scripts.logger : Converting Column to Datetime...
05-28-2022 02:18:00 : INFO : scripts.logger : Converting Column to Datetime...
05-28-2022 02:18:34 : INFO : scripts.logger : Converting Column to Datetime...
05-28-2022 02:18:34 : INFO : scripts.logger : Converting Column to Datetime...
05-28-2022 03:10:00 : INFO : scripts.logger : Plotting a scatter plot
05-28-2022 03:10:00 : INFO : scripts.logger : Plotting a scatter plot
05-28-2022 03:11:16 : INFO : scripts.logger : Successfully Instantiated preprocess Class Object
05-28-2022 03:11:16 : INFO : scripts.logger : Successfully Instantiated Preprocessing Class Object
05-28-2022 03:13:09 : INFO : scripts.logger : Plotting a scatter plot
05-28-2022 03:17:52 : INFO : scripts.logger : Plotting a bar chart
05-28-2022 03:19:57 : INFO : scripts.logger : Plotting a bar chart
05-28-2022 03:34:27 : INFO : scripts.logger : Successfully Instantiated preprocess Class Object
05-28-2022 03:34:27 : INFO : scripts.logger : Successfully Instantiated Preprocessing Class Object
05-28-2022 03:34:31 : INFO : scripts.logger : Converting Column to Datetime...
05-28-2022 03:34:32 : INFO : scripts.logger : Converting Column to Datetime...
05-28-2022 03:35:11 : INFO : scripts.logger : Plotting a bar chart
05-28-2022 03:36:23 : INFO : scripts.logger : Successfully Instantiated preprocess Class Object
05-28-2022 03:36:23 : INFO : scripts.logger : Successfully Instantiated Preprocessing Class Object
05-28-2022 03:37:48 : INFO : scripts.logger : Converting Column to Datetime...
05-28-2022 03:37:49 : INFO : scripts.logger : Converting Column to Datetime...
05-28-2022 03:37:49 : INFO : scripts.logger : Getting Missing Data Percentage
05-28-2022 03:37:51 : INFO : scripts.logger : Filling Missing Data with Median...
05-28-2022 03:37:51 : INFO : scripts.logger : Filling Missing Data with Median...
05-28-2022 03:37:51 : INFO : scripts.logger : Filling Missing Data with Mode
05-28-2022 03:37:51 : INFO : scripts.logger : Filling Missing Data with Mode
05-28-2022 03:37:51 : INFO : scripts.logger : Filling Missing Data with Zero
05-28-2022 03:37:51 : INFO : scripts.logger : Getting Missing Values from Dataframe
05-28-2022 03:37:51 : INFO : scripts.logger : Plotting a box plot for Column: Store
05-28-2022 03:39:27 : INFO : scripts.logger : Successfully Instantiated preprocess Class Object
05-28-2022 03:39:27 : INFO : scripts.logger : Successfully Instantiated Preprocessing Class Object
05-28-2022 03:39:41 : INFO : scripts.logger : Converting Column to Datetime...
05-28-2022 03:39:43 : INFO : scripts.logger : Converting Column to Datetime...
05-28-2022 03:40:24 : INFO : scripts.logger : Plotting a bar chart
05-28-2022 03:42:50 : INFO : scripts.logger : Plotting a scatter plot
05-28-2022 03:57:18 : INFO : scripts.logger : Successfully Instantiated preprocess Class Object
05-28-2022 03:57:18 : INFO : scripts.logger : Successfully Instantiated Preprocessing Class Object
05-28-2022 03:57:23 : INFO : scripts.logger : Converting Column to Datetime...
05-28-2022 03:57:23 : INFO : scripts.logger : Converting Column to Datetime...
05-28-2022 03:58:06 : INFO : scripts.logger : Plotting a bar chart
05-28-2022 04:00:00 : INFO : scripts.logger : Converting Column to Datetime...
05-28-2022 04:00:02 : INFO : scripts.logger : Converting Column to Datetime...
05-28-2022 04:01:09 : INFO : scripts.logger : Plotting a bar chart
05-28-2022 08:22:50 : INFO : scripts.logger : Successfully Instantiated preprocess Class Object
05-28-2022 08:22:50 : INFO : scripts.logger : Successfully Instantiated Preprocessing Class Object
05-28-2022 08:24:00 : INFO : scripts.logger : Converting Column to Datetime...
05-28-2022 08:24:01 : INFO : scripts.logger : Converting Column to Datetime...
05-28-2022 08:24:01 : INFO : scripts.logger : Getting Missing Data Percentage
05-28-2022 08:24:02 : INFO : scripts.logger : Filling Missing Data with Median...
05-28-2022 08:24:03 : INFO : scripts.logger : Filling Missing Data with Median...
05-28-2022 08:24:03 : INFO : scripts.logger : Filling Missing Data with Mode
05-28-2022 08:24:03 : INFO : scripts.logger : Filling Missing Data with Mode
05-28-2022 08:24:03 : INFO : scripts.logger : Filling Missing Data with Zero
05-28-2022 08:24:03 : INFO : scripts.logger : Getting Missing Values from Dataframe
05-28-2022 08:24:03 : INFO : scripts.logger : Plotting a box plot for Column: Store
05-28-2022 08:27:27 : INFO : scripts.logger : Successfully Instantiated preprocess Class Object
05-28-2022 08:27:27 : INFO : scripts.logger : Successfully Instantiated Preprocessing Class Object
05-28-2022 08:27:30 : INFO : scripts.logger : Converting Column to Datetime...
05-28-2022 08:27:30 : INFO : scripts.logger : Converting Column to Datetime...
05-28-2022 08:28:05 : INFO : scripts.logger : Plotting a bar chart
05-28-2022 08:30:30 : INFO : scripts.logger : Successfully Instantiated preprocess Class Object
05-28-2022 08:30:30 : INFO : scripts.logger : Successfully Instantiated preprocess Class Object
05-28-2022 08:30:30 : INFO : scripts.logger : Successfully Instantiated Preprocessing Class Object
05-28-2022 08:30:30 : INFO : scripts.logger : Successfully Instantiated Preprocessing Class Object
05-28-2022 08:30:42 : INFO : scripts.logger : Successfully Instantiated preprocess Class Object
05-28-2022 08:30:42 : INFO : scripts.logger : Successfully Instantiated preprocess Class Object
05-28-2022 08:30:42 : INFO : scripts.logger : Successfully Instantiated preprocess Class Object
05-28-2022 08:30:42 : INFO : scripts.logger : Successfully Instantiated Preprocessing Class Object
05-28-2022 08:30:42 : INFO : scripts.logger : Successfully Instantiated Preprocessing Class Object
05-28-2022 08:30:42 : INFO : scripts.logger : Successfully Instantiated Preprocessing Class Object
05-28-2022 08:30:45 : INFO : scripts.logger : Converting Column to Datetime...
05-28-2022 08:30:45 : INFO : scripts.logger : Converting Column to Datetime...
05-28-2022 08:30:45 : INFO : scripts.logger : Converting Column to Datetime...
05-28-2022 08:30:46 : INFO : scripts.logger : Converting Column to Datetime...
05-28-2022 08:30:46 : INFO : scripts.logger : Converting Column to Datetime...
05-28-2022 08:30:46 : INFO : scripts.logger : Converting Column to Datetime...
05-28-2022 08:31:23 : INFO : scripts.logger : Plotting a bar chart
05-28-2022 08:31:23 : INFO : scripts.logger : Plotting a bar chart
05-28-2022 08:31:23 : INFO : scripts.logger : Plotting a bar chart
05-28-2022 08:32:55 : INFO : scripts.logger : Plotting a scatter plot
05-28-2022 08:32:55 : INFO : scripts.logger : Plotting a scatter plot
05-28-2022 08:32:55 : INFO : scripts.logger : Plotting a scatter plot
05-28-2022 08:55:43 : INFO : scripts.logger : Successfully Instantiated preprocess Class Object
05-28-2022 08:55:43 : INFO : scripts.logger : Successfully Instantiated Preprocessing Class Object
05-28-2022 08:55:51 : INFO : scripts.logger : Converting Column to Datetime...
05-28-2022 08:55:51 : INFO : scripts.logger : Converting Column to Datetime...
05-28-2022 08:56:26 : INFO : scripts.logger : Plotting a bar chart
05-28-2022 09:25:24 : INFO : scripts.logger : Successfully Instantiated preprocess Class Object
05-28-2022 09:25:24 : INFO : scripts.logger : Successfully Instantiated preprocess Class Object
05-28-2022 09:25:24 : INFO : scripts.logger : Successfully Instantiated Preprocessing Class Object
05-28-2022 09:25:24 : INFO : scripts.logger : Successfully Instantiated Preprocessing Class Object
05-28-2022 09:25:35 : INFO : scripts.logger : Converting Column to Datetime...
05-28-2022 09:25:35 : INFO : scripts.logger : Converting Column to Datetime...
05-28-2022 09:25:38 : INFO : scripts.logger : Converting Column to Datetime...
05-28-2022 09:25:38 : INFO : scripts.logger : Converting Column to Datetime...
05-28-2022 09:26:28 : INFO : scripts.logger : Plotting a bar chart
05-28-2022 09:26:28 : INFO : scripts.logger : Plotting a bar chart
05-28-2022 09:26:51 : INFO : scripts.logger : Converting Column to Datetime...
05-28-2022 09:26:51 : INFO : scripts.logger : Converting Column to Datetime...
05-28-2022 09:27:35 : INFO : scripts.logger : Successfully Instantiated preprocess Class Object
05-28-2022 09:27:35 : INFO : scripts.logger : Successfully Instantiated Preprocessing Class Object
05-28-2022 09:27:44 : INFO : scripts.logger : Converting Column to Datetime...
05-28-2022 09:27:45 : INFO : scripts.logger : Converting Column to Datetime...
05-28-2022 09:27:45 : INFO : scripts.logger : Getting Missing Data Percentage
05-28-2022 09:27:47 : INFO : scripts.logger : Filling Missing Data with Median...
05-28-2022 09:27:47 : INFO : scripts.logger : Filling Missing Data with Median...
05-28-2022 09:27:47 : INFO : scripts.logger : Filling Missing Data with Mode
05-28-2022 09:27:47 : INFO : scripts.logger : Filling Missing Data with Mode
05-28-2022 09:27:47 : INFO : scripts.logger : Filling Missing Data with Zero
05-28-2022 09:27:47 : INFO : scripts.logger : Getting Missing Values from Dataframe
05-28-2022 09:27:47 : INFO : scripts.logger : Plotting a box plot for Column: Store
05-28-2022 09:28:13 : INFO : scripts.logger : Converting Column to Datetime...
05-28-2022 09:28:18 : INFO : scripts.logger : Getting Missing Data Percentage
05-28-2022 09:28:23 : INFO : scripts.logger : Filling Missing Data with Median...
05-28-2022 09:28:23 : INFO : scripts.logger : Filling Missing Data with Median...
05-28-2022 09:28:23 : ERROR : scripts.logger : Failed to Fill Missing Data with Median
Traceback (most recent call last):
  File "/home/nardos/Documents/10Academy/Pharmaceutical/Pharmaceutical-Sales-Prediction/pharma_env/lib/python3.10/site-packages/pandas/core/indexes/base.py", line 3621, in get_loc
    return self._engine.get_loc(casted_key)
  File "pandas/_libs/index.pyx", line 136, in pandas._libs.index.IndexEngine.get_loc
  File "pandas/_libs/index.pyx", line 163, in pandas._libs.index.IndexEngine.get_loc
  File "pandas/_libs/hashtable_class_helper.pxi", line 5198, in pandas._libs.hashtable.PyObjectHashTable.get_item
  File "pandas/_libs/hashtable_class_helper.pxi", line 5206, in pandas._libs.hashtable.PyObjectHashTable.get_item
KeyError: 'Promo2SinceYear'

The above exception was the direct cause of the following exception:

Traceback (most recent call last):
  File "/home/nardos/Documents/10Academy/Pharmaceutical/Pharmaceutical-Sales-Prediction/notebooks/../scripts/preprocess.py", line 110, in fill_median
    df[col] = df[col].fillna(df[col].median())
  File "/home/nardos/Documents/10Academy/Pharmaceutical/Pharmaceutical-Sales-Prediction/pharma_env/lib/python3.10/site-packages/pandas/core/frame.py", line 3505, in __getitem__
    indexer = self.columns.get_loc(key)
  File "/home/nardos/Documents/10Academy/Pharmaceutical/Pharmaceutical-Sales-Prediction/pharma_env/lib/python3.10/site-packages/pandas/core/indexes/base.py", line 3623, in get_loc
    raise KeyError(key) from err
KeyError: 'Promo2SinceYear'
05-28-2022 09:28:36 : INFO : scripts.logger : Filling Missing Data with Median...
05-28-2022 09:28:36 : INFO : scripts.logger : Filling Missing Data with Median...
05-28-2022 09:28:36 : ERROR : scripts.logger : Failed to Fill Missing Data with Median
Traceback (most recent call last):
  File "/home/nardos/Documents/10Academy/Pharmaceutical/Pharmaceutical-Sales-Prediction/pharma_env/lib/python3.10/site-packages/pandas/core/indexes/base.py", line 3621, in get_loc
    return self._engine.get_loc(casted_key)
  File "pandas/_libs/index.pyx", line 136, in pandas._libs.index.IndexEngine.get_loc
  File "pandas/_libs/index.pyx", line 163, in pandas._libs.index.IndexEngine.get_loc
  File "pandas/_libs/hashtable_class_helper.pxi", line 5198, in pandas._libs.hashtable.PyObjectHashTable.get_item
  File "pandas/_libs/hashtable_class_helper.pxi", line 5206, in pandas._libs.hashtable.PyObjectHashTable.get_item
KeyError: 'Promo2SinceYear'

The above exception was the direct cause of the following exception:

Traceback (most recent call last):
  File "/home/nardos/Documents/10Academy/Pharmaceutical/Pharmaceutical-Sales-Prediction/notebooks/../scripts/preprocess.py", line 110, in fill_median
    df[col] = df[col].fillna(df[col].median())
  File "/home/nardos/Documents/10Academy/Pharmaceutical/Pharmaceutical-Sales-Prediction/pharma_env/lib/python3.10/site-packages/pandas/core/frame.py", line 3505, in __getitem__
    indexer = self.columns.get_loc(key)
  File "/home/nardos/Documents/10Academy/Pharmaceutical/Pharmaceutical-Sales-Prediction/pharma_env/lib/python3.10/site-packages/pandas/core/indexes/base.py", line 3623, in get_loc
    raise KeyError(key) from err
KeyError: 'Promo2SinceYear'
05-28-2022 09:28:54 : INFO : scripts.logger : Successfully Instantiated preprocess Class Object
05-28-2022 09:28:54 : INFO : scripts.logger : Successfully Instantiated Preprocessing Class Object
05-28-2022 09:29:30 : INFO : scripts.logger : Converting Column to Datetime...
05-28-2022 09:29:37 : INFO : scripts.logger : Converting Column to Datetime...
05-28-2022 09:29:45 : INFO : scripts.logger : Getting Missing Data Percentage
05-28-2022 09:29:50 : INFO : scripts.logger : Filling Missing Data with Median...
05-28-2022 09:29:50 : INFO : scripts.logger : Filling Missing Data with Median...
05-28-2022 09:29:50 : ERROR : scripts.logger : Failed to Fill Missing Data with Median
Traceback (most recent call last):
  File "/home/nardos/Documents/10Academy/Pharmaceutical/Pharmaceutical-Sales-Prediction/pharma_env/lib/python3.10/site-packages/pandas/core/indexes/base.py", line 3621, in get_loc
    return self._engine.get_loc(casted_key)
  File "pandas/_libs/index.pyx", line 136, in pandas._libs.index.IndexEngine.get_loc
  File "pandas/_libs/index.pyx", line 163, in pandas._libs.index.IndexEngine.get_loc
  File "pandas/_libs/hashtable_class_helper.pxi", line 5198, in pandas._libs.hashtable.PyObjectHashTable.get_item
  File "pandas/_libs/hashtable_class_helper.pxi", line 5206, in pandas._libs.hashtable.PyObjectHashTable.get_item
KeyError: 'Promo2SinceYear'

The above exception was the direct cause of the following exception:

Traceback (most recent call last):
  File "/home/nardos/Documents/10Academy/Pharmaceutical/Pharmaceutical-Sales-Prediction/notebooks/../scripts/preprocess.py", line 110, in fill_median
    df[col] = df[col].fillna(df[col].median())
  File "/home/nardos/Documents/10Academy/Pharmaceutical/Pharmaceutical-Sales-Prediction/pharma_env/lib/python3.10/site-packages/pandas/core/frame.py", line 3505, in __getitem__
    indexer = self.columns.get_loc(key)
  File "/home/nardos/Documents/10Academy/Pharmaceutical/Pharmaceutical-Sales-Prediction/pharma_env/lib/python3.10/site-packages/pandas/core/indexes/base.py", line 3623, in get_loc
    raise KeyError(key) from err
KeyError: 'Promo2SinceYear'
05-28-2022 09:30:59 : INFO : scripts.logger : Successfully Instantiated preprocess Class Object
05-28-2022 09:30:59 : INFO : scripts.logger : Successfully Instantiated Preprocessing Class Object
05-28-2022 09:31:58 : INFO : scripts.logger : Converting Column to Datetime...
05-28-2022 09:32:04 : INFO : scripts.logger : Getting Missing Data Percentage
05-28-2022 09:32:10 : INFO : scripts.logger : Filling Missing Data with Median...
05-28-2022 09:32:10 : INFO : scripts.logger : Filling Missing Data with Median...
05-28-2022 09:32:10 : INFO : scripts.logger : Filling Missing Data with Mode
05-28-2022 09:32:11 : INFO : scripts.logger : Filling Missing Data with Mode
05-28-2022 09:32:11 : INFO : scripts.logger : Filling Missing Data with Zero
05-28-2022 09:32:11 : INFO : scripts.logger : Getting Missing Values from Dataframe
05-28-2022 09:32:16 : INFO : scripts.logger : Plotting a box plot for Column: Store
05-28-2022 09:32:59 : INFO : scripts.logger : Successfully Instantiated preprocess Class Object
05-28-2022 09:32:59 : INFO : scripts.logger : Successfully Instantiated preprocess Class Object
05-28-2022 09:32:59 : INFO : scripts.logger : Successfully Instantiated preprocess Class Object
05-28-2022 09:32:59 : INFO : scripts.logger : Successfully Instantiated Preprocessing Class Object
05-28-2022 09:32:59 : INFO : scripts.logger : Successfully Instantiated Preprocessing Class Object
05-28-2022 09:32:59 : INFO : scripts.logger : Successfully Instantiated Preprocessing Class Object
05-28-2022 09:33:16 : INFO : scripts.logger : Converting Column to Datetime...
05-28-2022 09:33:16 : INFO : scripts.logger : Converting Column to Datetime...
05-28-2022 09:33:16 : INFO : scripts.logger : Converting Column to Datetime...
05-28-2022 09:33:33 : INFO : scripts.logger : Converting Column to Datetime...
05-28-2022 09:33:33 : INFO : scripts.logger : Converting Column to Datetime...
05-28-2022 09:33:33 : INFO : scripts.logger : Converting Column to Datetime...
05-28-2022 09:34:11 : INFO : scripts.logger : Converting Column to Datetime...
05-28-2022 09:34:11 : INFO : scripts.logger : Converting Column to Datetime...
05-28-2022 09:34:11 : INFO : scripts.logger : Converting Column to Datetime...
05-28-2022 09:34:16 : INFO : scripts.logger : Converting Column to Datetime...
05-28-2022 09:34:16 : INFO : scripts.logger : Converting Column to Datetime...
05-28-2022 09:34:16 : INFO : scripts.logger : Converting Column to Datetime...
05-28-2022 09:35:10 : INFO : scripts.logger : Plotting a bar chart
05-28-2022 09:35:10 : INFO : scripts.logger : Plotting a bar chart
05-28-2022 09:35:10 : INFO : scripts.logger : Plotting a bar chart
05-28-2022 09:41:19 : INFO : scripts.logger : Successfully Instantiated preprocess Class Object
05-28-2022 09:41:19 : INFO : scripts.logger : Successfully Instantiated Preprocessing Class Object
05-28-2022 09:41:26 : INFO : scripts.logger : Converting Column to Datetime...
05-28-2022 09:41:27 : INFO : scripts.logger : Converting Column to Datetime...
05-28-2022 09:42:02 : INFO : scripts.logger : Plotting a bar chart
05-28-2022 10:53:46 : INFO : scripts.logger : Successfully Instantiated preprocess Class Object
05-28-2022 10:53:46 : INFO : scripts.logger : Successfully Instantiated Preprocessing Class Object
05-28-2022 15:04:17 : INFO : scripts.logger : Successfully Instantiated preprocess Class Object
05-28-2022 15:04:17 : INFO : scripts.logger : Successfully Instantiated Preprocessing Class Object
05-28-2022 15:16:01 : INFO : scripts.logger : Successfully Instantiated preprocess Class Object
05-28-2022 15:16:01 : INFO : scripts.logger : Successfully Instantiated Preprocessing Class Object
05-29-2022 15:52:33 : INFO : scripts.logger : Successfully Instantiated preprocess Class Object
05-29-2022 15:52:33 : INFO : scripts.logger : Successfully Instantiated Preprocessing Class Object
